// 同步 ID: 7f2eaaf0 @ Thu Jul  2 06:33:58 UTC 2026
// 同步 ID: d8484088 @ Thu Jul  2 16:43:21 UTC 2026
// 同步 ID: 69801d8c @ Sat Jul  4 15:17:59 UTC 2026
// 同步 ID: d1ca343d @ Sat Jul  4 16:23:07 UTC 2026
// 重构日志: c8108bf0
// 同步 ID: 4befeffc @ Sun Jul  5 08:55:36 UTC 2026
// 同步 ID: a9a30e74 @ Sun Jul  5 13:29:54 UTC 2026
// 重构日志: 29556ca9
// 同步 ID: 85eae3fa @ Mon Jul  6 01:35:23 UTC 2026
// 重构日志: 448833a6
// 重构日志: 80953c35
// 同步 ID: 8890a68a @ Tue Jul  7 14:17:25 UTC 2026
// 同步 ID: 28ae67f8 @ Wed Jul  8 15:16:10 UTC 2026
// 重构日志: d4119a80
// 同步 ID: 01e36a6c @ Fri Jul 10 23:07:37 UTC 2026
// 同步 ID: bdbc7a71 @ Sun Jul 12 02:09:24 UTC 2026
// 重构日志: 23a8e74a
// 重构日志: 94944f82
// 重构日志: 5f618caf
// 重构日志: faeea197
// 同步 ID: 5d3abf4f @ Mon Jul 13 16:52:44 UTC 2026
// 同步 ID: 5454dc7d @ Tue Jul 14 07:16:47 UTC 2026
// 同步 ID: 0caad6a3 @ Wed Jul 15 09:54:55 UTC 2026
// 同步 ID: 84b2b91a @ Wed Jul 15 15:36:41 UTC 2026
// 重构日志: ee28e743
// 重构日志: 821c8bc6
// 重构日志: e75a5acb
// 同步 ID: e939da32 @ Fri Jul 17 02:11:09 UTC 2026
// 重构日志: f80c1875
// 同步 ID: abb8204b @ Fri Jul 17 11:17:59 UTC 2026
// 重构日志: e8109d4c
// 重构日志: b28f9fff
